12:12:52.362  INFO  [LibraryManager] ---- group creation in C:\Users\dlopnun1503\Desktop\Lenguaje de marcas\Unidad 6\GrupoLibreriasXML
12:12:52.362  INFO  [LibraryManager]  100
13:30:44.934  INFO  [LibraryManager] shutdown begins
13:30:44.936  INFO  [LibraryManager]  closed library BD_BailesDeSalon
13:30:44.936  INFO  [LibraryManager] shutdown complete.
13:32:44.576  INFO  [LibraryManager] ---- starting up ----
13:32:44.576  INFO  [LibraryManager]  100
13:32:44.644  INFO  [LibraryManager] Library group ready
13:58:20.581  INFO  [LibraryManager] shutdown begins
13:58:20.585  INFO  [LibraryManager]  closed library BD_BailesDeSalon
13:58:20.585  INFO  [LibraryManager] shutdown complete.
10:56:33.889  INFO  [LibraryManager] ---- starting up ----
10:56:33.890  INFO  [LibraryManager]  100
10:56:33.977  INFO  [LibraryManager] Library group ready
11:16:12.084  INFO  [LibraryManager] shutdown begins
11:16:12.088  INFO  [LibraryManager]  closed library BD_BailesDeSalon
11:16:12.088  INFO  [LibraryManager] shutdown complete.
12:03:27.139  INFO  [LibraryManager] ---- starting up ----
12:03:27.140  INFO  [LibraryManager]  100
12:03:27.206  INFO  [LibraryManager] Library group ready
